Traceback (most recent call last):
  File "/opt/hostedtoolcache/Python/3.8.18/x64/lib/python3.8/site-packages/jupyter_cache/executors/utils.py", line 58, in single_nb_execution
    executenb(
  File "/opt/hostedtoolcache/Python/3.8.18/x64/lib/python3.8/site-packages/nbclient/client.py", line 1305, in execute
    return NotebookClient(nb=nb, resources=resources, km=km, **kwargs).execute()
  File "/opt/hostedtoolcache/Python/3.8.18/x64/lib/python3.8/site-packages/jupyter_core/utils/__init__.py", line 168, in wrapped
    return loop.run_until_complete(inner)
  File "/opt/hostedtoolcache/Python/3.8.18/x64/lib/python3.8/asyncio/base_events.py", line 616, in run_until_complete
    return future.result()
  File "/opt/hostedtoolcache/Python/3.8.18/x64/lib/python3.8/site-packages/nbclient/client.py", line 705, in async_execute
    await self.async_execute_cell(
  File "/opt/hostedtoolcache/Python/3.8.18/x64/lib/python3.8/site-packages/nbclient/client.py", line 1058, in async_execute_cell
    await self._check_raise_for_error(cell, cell_index, exec_reply)
  File "/opt/hostedtoolcache/Python/3.8.18/x64/lib/python3.8/site-packages/nbclient/client.py", line 914, in _check_raise_for_error
    raise CellExecutionError.from_cell_and_msg(cell, exec_reply_content)
nbclient.exceptions.CellExecutionError: An error occurred while executing the following cell:
------------------
# Function to update and display the linear regression chart
def update_chart(selected_year, new_field):
    # Extract CSR spending and the selected field for the selected year
    csr_spending = data[f'Amount Spent FY {selected_year} (INR Cr.)']
    selected_field = data[new_field]

    # Reshape the data for Linear Regression
    csr_spending = csr_spending.values.reshape(-1, 1)
    selected_field = selected_field.values.reshape(-1, 1)

    # Create a Linear Regression model
    model = LinearRegression()
    model.fit(selected_field, csr_spending)

    # Make predictions using the model
    predictions = model.predict(selected_field)

    # Create a scatter plot of the data points
    plt.figure(figsize=(20, 6))
    plt.scatter(selected_field, csr_spending, color='blue', label='Data Points')

    # Plot the regression line
    plt.plot(selected_field, predictions, color='red', linewidth=2, label='Linear Regression')

    # Customize the plot
    plt.title(f'Linear Regression: CSR Spending vs. {new_field} ({selected_year})', fontsize=16)
    plt.xlabel(f'{new_field}')
    plt.ylabel(f'CSR Spending {selected_year} (INR Cr.)')
    plt.legend()
    plt.grid(True)

    # Show the plot
    plt.show()

# Create an interactive widget that updates the chart
interactive_plot = interactive(update_chart, selected_year=year_selector, new_field=['Poverty rate', 'Population', 'HDI (2021)'])

# Display the interactive widget
display(interactive_plot)

------------------


[0;31m---------------------------------------------------------------------------[0m
[0;31mNameError[0m                                 Traceback (most recent call last)
Cell [0;32mIn[9], line 36[0m
[1;32m     33[0m     plt[38;5;241m.[39mshow()
[1;32m     35[0m [38;5;66;03m# Create an interactive widget that updates the chart[39;00m
[0;32m---> 36[0m interactive_plot [38;5;241m=[39m interactive(update_chart, selected_year[38;5;241m=[39m[43myear_selector[49m, new_field[38;5;241m=[39m[[38;5;124m'[39m[38;5;124mPoverty rate[39m[38;5;124m'[39m, [38;5;124m'[39m[38;5;124mPopulation[39m[38;5;124m'[39m, [38;5;124m'[39m[38;5;124mHDI (2021)[39m[38;5;124m'[39m])
[1;32m     38[0m [38;5;66;03m# Display the interactive widget[39;00m
[1;32m     39[0m display(interactive_plot)

[0;31mNameError[0m: name 'year_selector' is not defined

